<?xml version="1.0" encoding="UTF-8"?>
<!-- Generated by org.testng.reporters.JUnitReportReporter -->
<testsuite hostname="Akhil-PC" name="intermediate.assignment2.Test1" tests="1" failures="0" timestamp="24 May 2018 12:38:02 GMT" time="28.707" errors="0">
  <testcase name="testCrossFinal" time="28.707" classname="intermediate.assignment2.Test1"/>
</testsuite>
