<?xml version="1.0" encoding="UTF-8"?>
<!-- Generated by org.testng.reporters.JUnitReportReporter -->
<testsuite hostname="Akhil-PC" name="intermediate.Assignment3" tests="1" failures="0" timestamp="24 May 2018 09:46:51 GMT" time="19.353" errors="0">
  <testcase name="testCrossFinal" time="19.353" classname="intermediate.Assignment3"/>
</testsuite>
