<?xml version="1.0" encoding="UTF-8"?>
<!-- Generated by org.testng.reporters.JUnitReportReporter -->
<testsuite hostname="Akhil-PC" name="intermediate.assignment1.Test2" tests="1" failures="0" timestamp="28 May 2018 05:58:32 GMT" time="18.820" errors="0">
  <testcase name="testCrossFinal" time="18.820" classname="intermediate.assignment1.Test2"/>
</testsuite>
