<?xml version="1.0" encoding="UTF-8"?>
<!-- Generated by org.testng.reporters.JUnitReportReporter -->
<testsuite hostname="Akhil-PC" name="intermediate.assignment1.Test2" tests="1" failures="0" timestamp="27 May 2018 19:35:07 GMT" time="9.193" errors="0">
  <testcase name="testCrossFinal" time="9.193" classname="intermediate.assignment1.Test2"/>
</testsuite>
