<?xml version="1.0" encoding="UTF-8"?>
<!-- Generated by org.testng.reporters.JUnitReportReporter -->
<testsuite hostname="Akhil-PC" name="intermediate.Assignment2" tests="1" failures="0" timestamp="24 May 2018 09:00:34 GMT" time="11.807" errors="0">
  <testcase name="testCrossFinal" time="11.807" classname="intermediate.Assignment2"/>
</testsuite>
