<?xml version="1.0" encoding="UTF-8"?>
<!-- Generated by org.testng.reporters.JUnitReportReporter -->
<testsuite hostname="Akhil-PC" name="intermediate.assignment2.Test1" tests="1" failures="0" timestamp="28 May 2018 06:15:40 GMT" time="26.155" errors="0">
  <testcase name="testCrossFinal" time="26.155" classname="intermediate.assignment2.Test1"/>
</testsuite>
