<?xml version="1.0" encoding="UTF-8"?>
<!-- Generated by org.testng.reporters.JUnitReportReporter -->
<testsuite hostname="Akhil-PC" name="intermediate.assignment1.Test3" tests="1" failures="0" timestamp="28 May 2018 05:56:25 GMT" time="21.153" errors="0">
  <testcase name="testCrossFinal" time="21.153" classname="intermediate.assignment1.Test3"/>
</testsuite>
