<?xml version="1.0" encoding="UTF-8"?>
<!-- Generated by org.testng.reporters.JUnitReportReporter -->
<testsuite hostname="Akhil-PC" name="intermediate.assignment1.Test1" tests="1" failures="0" timestamp="27 May 2018 19:04:11 GMT" time="25.646" errors="0">
  <testcase name="testCrossFinal" time="25.646" classname="intermediate.assignment1.Test1"/>
</testsuite>
