<?xml version="1.0" encoding="UTF-8"?>
<!-- Generated by org.testng.reporters.JUnitReportReporter -->
<testsuite hostname="Akhil-PC" name="intermediate.assignment1.Test3" tests="1" failures="0" timestamp="27 May 2018 19:40:30 GMT" time="10.326" errors="0">
  <testcase name="testCrossFinal" time="10.326" classname="intermediate.assignment1.Test3"/>
</testsuite>
