<?xml version="1.0" encoding="UTF-8"?>
<!-- Generated by org.testng.reporters.JUnitReportReporter -->
<testsuite hostname="Akhil-PC" name="intermediate.Assignment1" tests="1" failures="0" timestamp="24 May 2018 07:32:32 GMT" time="30.826" errors="0">
  <testcase name="testCrossFinal" time="30.826" classname="intermediate.Assignment1"/>
</testsuite>
